srun: Job step aborted: Waiting up to 32 seconds for job step to finish.
srun: got SIGCONT
slurmstepd: error: *** JOB 18672 ON jaguar3 CANCELLED AT 2022-05-16T12:02:03 ***
slurmstepd: error: *** STEP 18672.0 ON jaguar3 CANCELLED AT 2022-05-16T12:02:03 ***
srun: error: jaguar5: task 2: Terminated
srun: forcing job termination
srun: error: jaguar11: task 8: Terminated
srun: error: jaguar4: task 1: Terminated
srun: error: jaguar12: task 9: Terminated
srun: error: jaguar6: task 3: Terminated
srun: error: jaguar18: task 15: Terminated
srun: error: jaguar14: task 11: Terminated
srun: error: jaguar9: task 6: Terminated
srun: error: jaguar15: task 12: Terminated
srun: error: jaguar10: task 7: Terminated
srun: error: jaguar8: task 5: Terminated
srun: error: jaguar13: task 10: Terminated
srun: error: jaguar7: task 4: Terminated
srun: error: jaguar17: task 14: Terminated
srun: error: jaguar16: task 13: Terminated
srun: error: jaguar3: task 0: Terminated
